<?xml version="1.0" encoding="UTF-8"?>
<!-- Generated by org.testng.reporters.JUnitReportReporter -->
<testsuite hostname="DESKTOP-AEIQ660" name="com.agiliron.purchase.test.PurchaseReturnTest" tests="1" failures="0" timestamp="14 Aug 2019 07:20:21 GMT" time="323.059" errors="0">
  <testcase name="returnPurchaseOrderTestByThreeDot" time="323.059" classname="com.agiliron.purchase.test.PurchaseReturnTest"/>
</testsuite> <!-- com.agiliron.purchase.test.PurchaseReturnTest -->
