<?xml version="1.0" encoding="UTF-8"?>
<!-- Generated by org.testng.reporters.JUnitReportReporter -->
<testsuite hostname="DESKTOP-AEIQ660" name="com.agiliron.channel.test.B2B_ChannelsTest" tests="1" failures="0" timestamp="5 Aug 2019 11:39:00 GMT" time="415.553" errors="0">
  <testcase name="b2C_ChannelsTest" time="415.553" classname="com.agiliron.channel.test.B2B_ChannelsTest"/>
</testsuite> <!-- com.agiliron.channel.test.B2B_ChannelsTest -->
