<?xml version="1.0" encoding="UTF-8"?>
<!-- Generated by org.testng.reporters.JUnitReportReporter -->
<testsuite hostname="DESKTOP-AEIQ660" name="com.healthpath.testscript.LoginTest" tests="1" failures="0" timestamp="18 Jan 2020 05:40:22 GMT" time="76.922" errors="0">
  <testcase name="loginTest" time="76.922" classname="com.healthpath.testscript.LoginTest"/>
</testsuite> <!-- com.healthpath.testscript.LoginTest -->
