<?xml version="1.0" encoding="UTF-8"?>
<!-- Generated by org.testng.reporters.JUnitReportReporter -->
<testsuite hostname="DESKTOP-SSA6E1S" name="com.temp.testscript.Intemp_ITCDevicesTabsVerfication_AUT41" tests="2" failures="0" timestamp="14 May 2019 11:50:33 GMT" time="235.610" errors="0">
  <testcase name="verifyDevicesTabs" time="106.282" classname="com.temp.testscript.Intemp_ITCDevicesTabsVerfication_AUT41"/>
  <testcase name="verifyFilterOfDeployments" time="129.328" classname="com.temp.testscript.Intemp_ITCDevicesTabsVerfication_AUT41"/>
</testsuite> <!-- com.temp.testscript.Intemp_ITCDevicesTabsVerfication_AUT41 -->
