<?xml version="1.0" encoding="UTF-8"?>
<!-- Generated by org.testng.reporters.JUnitReportReporter -->
<testsuite hostname="DESKTOP-AEIQ660" name="com.agiliron.purchasereturn.test.PurchaseReturnTest" tests="1" failures="0" timestamp="7 Aug 2019 10:22:33 GMT" time="241.369" errors="0">
  <testcase name="returnPurchaseOrderTest" time="241.369" classname="com.agiliron.purchasereturn.test.PurchaseReturnTest"/>
</testsuite> <!-- com.agiliron.purchasereturn.test.PurchaseReturnTest -->
