<?xml version="1.0" encoding="UTF-8"?>
<!-- Generated by org.testng.reporters.JUnitReportReporter -->
<testsuite hostname="DESKTOP-AEIQ660" name="com.agiliron.channel.test.B2C_ChannelsTest" tests="2" failures="0" timestamp="5 Aug 2019 09:08:25 GMT" time="540.080" errors="0">
  <testcase name="b2b_ChannelsTest" time="270.141" classname="com.agiliron.channel.test.B2C_ChannelsTest"/>
  <testcase name="b2C_ChannelsTest" time="269.939" classname="com.agiliron.channel.test.B2C_ChannelsTest"/>
</testsuite> <!-- com.agiliron.channel.test.B2C_ChannelsTest -->
