<?xml version="1.0" encoding="UTF-8"?>
<!-- Generated by org.testng.reporters.JUnitReportReporter -->
<testsuite hostname="DESKTOP-SSA6E1S" name="com.hobo.testscript.HL2347_ExportedData" tests="3" failures="0" timestamp="26 Mar 2019 11:30:54 GMT" time="835.916" errors="0">
  <testcase name="hoboLinkTC_HL2347_verifyExportData" time="301.041" classname="com.hobo.testscript.HL2347_ExportedData"/>
  <testcase name="hoboLinkTC_HL2347_verifyDataDateafter" time="275.737" classname="com.hobo.testscript.HL2347_ExportedData"/>
  <testcase name="hoboLinkTC_HL2347_verifyDataDateBefore" time="259.138" classname="com.hobo.testscript.HL2347_ExportedData"/>
</testsuite> <!-- com.hobo.testscript.HL2347_ExportedData -->
