<?xml version="1.0" encoding="UTF-8"?>
<!-- Generated by org.testng.reporters.JUnitReportReporter -->
<testsuite hostname="DESKTOP-AEIQ660" name="com.agiliron.purchase.test.PurchaseOrderTest" tests="1" failures="0" timestamp="10 Sep 2019 06:20:42 GMT" time="557.662" errors="0">
  <testcase name="purchaseOrderTest" time="557.662" classname="com.agiliron.purchase.test.PurchaseOrderTest"/>
</testsuite> <!-- com.agiliron.purchase.test.PurchaseOrderTest -->
